Using the default profile...
Feature: search for movies by director
  As a movie buff
  So that I can find movies with my favorite director
  I want to include and serach on director information in movies I enter

  Background: movies in database      # features/search_for_movies_by_director.feature:7
    Given the following movies exist: # features/step_definitions/search_for_movies_step.rb:1
      | title        | rating | director     | release_date |
      | Star Wars    | PG     | George Lucas | 1977-05-25   |
      | Blade Runner | PG     | Ridley Scott | 1982-06-25   |
      | Alien        | R      |              | 1979-05-25   |
      | THX-1138     | R      | George Lucas | 1971-03-11   |

  Scenario: add director to existing movie                # features/search_for_movies_by_director.feature:16
    When I go to the edit page for "Alien"                # features/step_definitions/web_steps.rb:48
    And I fill in "Director" with "Ridley Scott"          # features/step_definitions/web_steps.rb:60
    And I press "Update Movie Info"                       # features/step_definitions/web_steps.rb:52
    Then the director of "Alien" should be "Ridley Scott" # features/step_definitions/search_for_movies_step.rb:8

  Scenario: find movie with same director                       # features/search_for_movies_by_director.feature:22
    Given I am on the details page for "Star Wars"              # features/step_definitions/web_steps.rb:44
    When I follow "Find Movies With Same Director"              # features/step_definitions/web_steps.rb:56
    Then I should be on the Similar Movies page for "Star Wars" # features/step_definitions/web_steps.rb:230
    And I should see "THX-1138"                                 # features/step_definitions/web_steps.rb:105
    But I should not see "Blade Runner"                         # features/step_definitions/web_steps.rb:123

  Scenario: can't find similar movies if we don't know director (sad path) # features/search_for_movies_by_director.feature:29
    Given I am on the details page for "Alien"                             # features/step_definitions/web_steps.rb:44
    Then I should not see "Ridley Scott"                                   # features/step_definitions/web_steps.rb:123
    When I follow "Find Movies With Same Director"                         # features/step_definitions/web_steps.rb:56
    Then I should be on the home page                                      # features/step_definitions/web_steps.rb:230
    And I should see "'Alien' has no director info"                        # features/step_definitions/web_steps.rb:105

Feature: display list of movies filtered by rating
  As a parent
  So that I can filter movies appropriate for my family
  I want to see list of movies matching only certain ratings

  Background: movies in database      # features/select_by_rating.feature:7
    Given the following movies exist: # features/step_definitions/search_for_movies_step.rb:1
      | title                | rating | director     | release_date |
      | Star Wars            | PG     | George Lucas | 1977-05-25   |
      | Blade Runner         | PG     | Ridley Scott | 1982-06-25   |
      | Alien                | R      |              | 1979-05-25   |
      | THX-1138             | R      | George Lucas | 1971-03-11   |
      | Aladdin              | G      | Ron Clements | 25-Nov-1992  |
      | The Terminator       | R      |              | 26-Oct-1984  |
      | When Harry Met Sally | R      |              | 21-Jul-1989  |
      | The Help             | PG-13  |              | 10-Aug-2011  |

  Scenario: limit the list of movies to the one with 'PG' or 'R' ratings # features/select_by_rating.feature:20
    Given I am on the RottenPotatoes homepage                            # features/step_definitions/web_steps.rb:44
    When I check the following ratings: PG, R                            # features/step_definitions/search_for_movies_step.rb:16
    And I uncheck the following ratings: G, PG-13, NC-17                 # features/step_definitions/search_for_movies_step.rb:16
    And I press "ratings_submit"                                         # features/step_definitions/web_steps.rb:52
    Then I should see "Blade Runner"                                     # features/step_definitions/web_steps.rb:105
    And I should see "Star Wars"                                         # features/step_definitions/web_steps.rb:105
    And I should see "The Terminator"                                    # features/step_definitions/web_steps.rb:105
    And I should not see "Aladdin"                                       # features/step_definitions/web_steps.rb:123

  Scenario: all ratings selected                               # features/select_by_rating.feature:30
    Given I am on the RottenPotatoes homepage                  # features/step_definitions/web_steps.rb:44
    When I check the following ratings: PG, R, G, PG-13, NC-17 # features/step_definitions/search_for_movies_step.rb:16
    And I press "ratings_submit"                               # features/step_definitions/web_steps.rb:52
    Then I should see all the movies                           # features/step_definitions/search_for_movies_step.rb:22

Feature: display a list of movies sorted by title or release date
  As a movie fan
  So that I can select movies based on my preference
  I want to see movies in sorted order by title or release date

  Background: movies in database             # features/sort_by_title_date.feature:7
    Given the following movies exist:        # features/step_definitions/search_for_movies_step.rb:1
      | title                | rating | director     | release_date |
      | Star Wars            | PG     | George Lucas | 1977-05-25   |
      | Blade Runner         | PG     | Ridley Scott | 1982-06-25   |
      | Alien                | R      |              | 1979-05-25   |
      | THX-1138             | R      | George Lucas | 1971-03-11   |
      | Aladdin              | G      | Ron Clements | 25-Nov-1992  |
      | The Terminator       | R      |              | 26-Oct-1984  |
      | When Harry Met Sally | R      |              | 21-Jul-1989  |
      | The Help             | PG-13  |              | 10-Aug-2011  |
    And I am on the RottenPotatoes home page # features/step_definitions/web_steps.rb:44

  Scenario: sort movies by their title          # features/sort_by_title_date.feature:22
    Given I am on the home page                 # features/step_definitions/web_steps.rb:44
      # used web_step
    When I follow "Movie Title"                 # features/step_definitions/web_steps.rb:56
    Then I should see "Alien" before "The Help" # features/step_definitions/search_for_movies_step.rb:12

  Scenario: sort movies in increasing order of release date     # features/sort_by_title_date.feature:28
    Given I am on the RottenPotatoes home page                  # features/step_definitions/web_steps.rb:44
      # used web_step
    When I follow "Release Date"                                # features/step_definitions/web_steps.rb:56
    Then I should see "Star Wars" before "When Harry Met Sally" # features/step_definitions/search_for_movies_step.rb:12

7 scenarios (7 passed)
41 steps (41 passed)
0m0.486s
Coverage report generated for Cucumber Features, RSpec to /home/ec2-user/environment/hw-acceptance-unit-test-cycle/rottenpotatoes/coverage. 54 / 54 LOC (100.0%) covered.

